[INFO ] [2022-02-15 16:01:16,186] pre-condition - Step 01: open browser  chrome
[INFO ] [2022-02-15 16:01:16,386] post-conditon : close browser
[INFO ] [2022-02-15 16:03:54,978] pre-condition - Step 01: open browser  chrome
[INFO ] [2022-02-15 16:03:55,170] post-conditon : close browser
[INFO ] [2022-02-15 16:14:01,677] pre-condition - Step 01: open browser  chrome
[INFO ] [2022-02-15 16:14:09,541] pre-condition - Step 02: Verify Home page is displayed
[INFO ] [2022-02-15 16:14:09,573] User_01_Register - Step 03: click to Register link 
[INFO ] [2022-02-15 16:14:10,946] User_01_Register - Step 04: enter to firstName textbox  ' Automation'
[INFO ] [2022-02-15 16:14:11,358] User_01_Register - Step 05: enter to LastName texbox  ' Fc'
[INFO ] [2022-02-15 16:14:11,727] User_01_Register - Step 06: enter to email texbox ' afc621@gmail.com'
[INFO ] [2022-02-15 16:14:12,207] User_01_Register - Step 07: enter to password texbox  '123456'
[INFO ] [2022-02-15 16:14:12,581] User_01_Register - Step 08: enter to confirm password texbox ' 123456'
[INFO ] [2022-02-15 16:14:12,948] User_01_Register - Step 09: click to Register button 
[INFO ] [2022-02-15 16:14:14,634] User_01_Register - Step 10: Verify Success Message 
[INFO ] [2022-02-15 16:14:14,766]  -------------------------- PASSED -------------------------- 
[INFO ] [2022-02-15 16:14:14,766] User_01_Register - Step 11: click to Logout Link 
[INFO ] [2022-02-15 16:14:16,831] User_02_Login_User - Step 12: click to Login link 
[INFO ] [2022-02-15 16:14:17,766] User_02_Login_User - Step 13: Verify Login page is displayed afc621@gmail.com123456
[INFO ] [2022-02-15 16:14:20,034] User_02_Login_User - Step 14: Verify My account link is displayed 
[INFO ] [2022-02-15 16:14:20,188] User_02_Login_User - Step 15: click to Logout at userpage 
[INFO ] [2022-02-15 16:14:21,436] post-conditon : close browser
[INFO ] [2022-02-15 16:14:22,471] OS name = windows 7
[INFO ] [2022-02-15 16:14:22,471] Driver instance name = windows 7
[INFO ] [2022-02-15 16:14:22,471] Session ID is null. Using WebDriver after calling quit()?
Build info: version: '3.141.59', revision: 'e82be7d358', time: '2018-11-14T08:25:53'
System info: host: 'ADMIN', ip: '192.168.1.6', os.name: 'Windows 7', os.arch: 'x86', os.version: '6.1', java.version: '1.8.0_211'
Driver info: driver.version: RemoteWebDriver
[INFO ] [2022-02-15 16:17:34,618] pre-condition - Step 01: open browser  chrome
[INFO ] [2022-02-15 16:17:58,472] pre-condition - Step 02: Verify Home page is displayed
[INFO ] [2022-02-15 16:17:58,531] User_01_Register - Step 03: click to Register link 
[INFO ] [2022-02-15 16:18:01,267] User_01_Register - Step 04: enter to firstName textbox  ' Automation'
[INFO ] [2022-02-15 16:18:03,206] User_01_Register - Step 05: enter to LastName texbox  ' Fc'
[INFO ] [2022-02-15 16:18:04,055] User_01_Register - Step 06: enter to email texbox ' afc4338@gmail.com'
[INFO ] [2022-02-15 16:18:05,709] User_01_Register - Step 07: enter to password texbox  '123456'
[INFO ] [2022-02-15 16:18:06,844] User_01_Register - Step 08: enter to confirm password texbox ' 123456'
[INFO ] [2022-02-15 16:18:08,152] User_01_Register - Step 09: click to Register button 
[INFO ] [2022-02-15 16:18:11,341] User_01_Register - Step 10: Verify Success Message 
[INFO ] [2022-02-15 16:18:11,771]  -------------------------- PASSED -------------------------- 
[INFO ] [2022-02-15 16:18:11,771] User_01_Register - Step 11: click to Logout Link 
[INFO ] [2022-02-15 16:18:15,045] User_02_Login_User - Step 12: click to Login link 
[INFO ] [2022-02-15 16:18:18,116] User_02_Login_User - Step 13: Verify Login page is displayed afc4338@gmail.com123456
[INFO ] [2022-02-15 16:18:22,968] User_02_Login_User - Step 14: Verify My account link is displayed 
[INFO ] [2022-02-15 16:18:23,324] User_02_Login_User - Step 15: click to Logout at userpage 
[INFO ] [2022-02-15 16:18:25,338] post-conditon : close browser
[INFO ] [2022-02-15 16:18:28,953] OS name = windows 7
[INFO ] [2022-02-15 16:18:28,953] Driver instance name = windows 7
[INFO ] [2022-02-15 16:18:29,037] Session ID is null. Using WebDriver after calling quit()?
Build info: version: '3.141.59', revision: 'e82be7d358', time: '2018-11-14T08:25:53'
System info: host: 'ADMIN', ip: '192.168.1.6', os.name: 'Windows 7', os.arch: 'x86', os.version: '6.1', java.version: '1.8.0_211'
Driver info: driver.version: RemoteWebDriver
[INFO ] [2022-02-15 16:32:33,408] pre-condition - Step 01: open browser  chrome
[INFO ] [2022-02-15 16:32:55,440] pre-condition - Step 02: Verify Home page is displayed
[INFO ] [2022-02-15 16:32:55,487] User_01_Register - Step 03: click to Register link 
[INFO ] [2022-02-15 16:32:58,090] User_01_Register - Step 04: enter to firstName textbox  ' Automation'
[INFO ] [2022-02-15 16:32:59,421] User_01_Register - Step 05: enter to LastName texbox  ' Fc'
[INFO ] [2022-02-15 16:33:00,320] User_01_Register - Step 06: enter to email texbox ' afc5389@gmail.com'
[INFO ] [2022-02-15 16:33:01,597] User_01_Register - Step 07: enter to password texbox  '123456'
[INFO ] [2022-02-15 16:33:02,893] User_01_Register - Step 08: enter to confirm password texbox ' 123456'
[INFO ] [2022-02-15 16:33:04,143] User_01_Register - Step 09: click to Register button 
[INFO ] [2022-02-15 16:33:09,092] User_01_Register - Step 10: Verify Success Message 
[INFO ] [2022-02-15 16:33:10,091]  -------------------------- PASSED -------------------------- 
[INFO ] [2022-02-15 16:33:10,091] User_01_Register - Step 11: click to Logout Link 
[INFO ] [2022-02-15 16:33:15,022] User_02_Login_User - Step 12: click to Login link 
[INFO ] [2022-02-15 16:33:17,701] User_02_Login_User - Step 13: Verify Login page is displayed afc5389@gmail.com123456
[INFO ] [2022-02-15 16:33:37,349] User_02_Login_User - Step 14: Verify My account link is displayed 
[INFO ] [2022-02-15 16:33:38,176] User_02_Login_User - Step 15: click to Logout at userpage 
[INFO ] [2022-02-15 16:33:43,281] post-conditon : close browser
[INFO ] [2022-02-15 16:33:46,122] OS name = windows 7
[INFO ] [2022-02-15 16:33:46,123] Driver instance name = windows 7
[INFO ] [2022-02-15 16:33:46,151] Session ID is null. Using WebDriver after calling quit()?
Build info: version: '3.141.59', revision: 'e82be7d358', time: '2018-11-14T08:25:53'
System info: host: 'ADMIN', ip: '192.168.1.6', os.name: 'Windows 7', os.arch: 'x86', os.version: '6.1', java.version: '1.8.0_211'
Driver info: driver.version: RemoteWebDriver
